Arguments: 
  /usr/local/bin/node /usr/share/yarn/bin/yarn.js install

PATH: 
  /opt/mongodb/bin:/opt/java/bin:/opt/apache-maven-3.6.3/bin:/home/antonio/.local/bin:/usr/local/sbin:/usr/local/bin:/usr/sbin:/usr/bin:/sbin:/bin:/usr/games:/usr/local/games:/snap/bin

Yarn version: 
  1.21.1

Node version: 
  12.11.1

Platform: 
  linux x64

Trace: 
  SyntaxError: /home/antonio/Projects/crypress_iva_minimal/package.json: Unexpected token } in JSON at position 458
      at JSON.parse (<anonymous>)
      at /usr/share/yarn/lib/cli.js:1625:59
      at Generator.next (<anonymous>)
      at step (/usr/share/yarn/lib/cli.js:310:30)
      at /usr/share/yarn/lib/cli.js:321:13

npm manifest: 
  {
    "name": "crypress_iva_minimal",
    "version": "1.0.0",
    "main": "index.js",
    "license": "MIT",
    "scripts": {
      "serve": "browser-sync start --config bs-config.js",
      "prepare": "npx snowpack",
      "e2e": "npx cypress open",
      "browser-support": "npx browserslist",
      "build": "npx webpack"
    },
    "dependencies": {
      "@webcomponents/webcomponentsjs": "^1.1.0",
      "bootstrap": "3.3.6",
      "jquery": "~2.2.4",
      "lit-element": "^2.3.1",
    },
    "devDependencies": {
      "browser-sync": "^2.26.7",
      "cypress": "^4.5.0",
      "cypress-wait-until": "^1.7.0",
      "snowpack": "^1.7.1",
    },
    "snowpack": {
      "webDependencies": [
        "lit-element",
        "lit-html",
        "lit-html/directives/class-map.js",
        "lit-html/directives/if-defined.js"
      ]
    }
  }

yarn manifest: 
  No manifest

Lockfile: 
  No lockfile
